stokes3d: starting @ Tue Aug  1 19:09:50 2006

Using 305 Nodes and 146 tria6 Elems to solve 3D Stokes Flow Problem
 Using GMRES solver.
depStokes(): calling formMatrix_tria6() ...
depStokes(): calling solverGMRES() ...
depStokes(): calculating force and torque ...

depStokes(): calling formMatrix_tria6() ...
depStokes(): calling solverGMRES() ...
depStokes(): calculating force and torque ...

depStokes(): calling formMatrix_tria6() ...
depStokes(): calling solverGMRES() ...
depStokes(): calculating force and torque ...

depStokes(): calling formMatrix_tria6() ...
depStokes(): calling solverGMRES() ...
depStokes(): calculating force and torque ...

depStokes(): calling formMatrix_tria6() ...
depStokes(): calling solverGMRES() ...
depStokes(): calculating force and torque ...

depStokes(): calling formMatrix_tria6() ...
depStokes(): calling solverGMRES() ...
depStokes(): calculating force and torque ...

depStokes(): calling formMatrix_tria6() ...
depStokes(): calling solverGMRES() ...
depStokes(): calculating force and torque ...

depStokes(): calling formMatrix_tria6() ...
depStokes(): calling solverGMRES() ...
depStokes(): calculating force and torque ...

depStokes(): calling formMatrix_tria6() ...
depStokes(): calling solverGMRES() ...
depStokes(): calculating force and torque ...

depStokes(): calling formMatrix_tria6() ...
depStokes(): calling solverGMRES() ...
depStokes(): calculating force and torque ...


*** depStokes(): calling performance analysis ***
Time reading input: 		0.0 seconds
Time per iteration: 		0.6 seconds
Total execution time: 		5.9 seconds

depStokes(): finished @ Tue Aug  1 19:09:57 2006


**********************************************************

