

RELATIVE TOLERANCE = 6.8190e-08

 ITERATION NO.        RELATIVE RESIDUAL
***************      *******************
       1                 3.2579e+00
       2                 9.3415e-01
       3                 4.9976e-01
       4                 3.9902e-01
       5                 2.8762e-01
       6                 2.0092e-01
       7                 1.6020e-01
       8                 1.6020e-01
       9                 1.4792e-01
      10                 1.0300e-01
      11                 7.4508e-02
      12                 5.9774e-02
      13                 4.9444e-02
      14                 4.8424e-02
      15                 4.5194e-02
      16                 3.6407e-02
      17                 3.4406e-02
      18                 3.4293e-02
      19                 2.9931e-02
      20                 2.5282e-02
      21                 2.1539e-02
      22                 2.1297e-02
      23                 2.0850e-02
      24                 1.8569e-02
      25                 1.7921e-02
      26                 1.7510e-02
      27                 1.5283e-02
      28                 1.4536e-02
      29                 1.4527e-02
      30                 1.2856e-02
      31                 1.0224e-02
      32                 1.0017e-02
      33                 9.5281e-03
      34                 8.8761e-03
      35                 8.5528e-03
      36                 8.5217e-03
      37                 8.4398e-03
      38                 8.2720e-03
      39                 8.1854e-03
      40                 8.1829e-03
      41                 8.1174e-03
      42                 8.0851e-03
      43                 8.0851e-03
      44                 7.9859e-03
      45                 7.5034e-03
      46                 7.3025e-03
      47                 7.2989e-03
      48                 7.2256e-03
      49                 7.0366e-03
      50                 6.8061e-03
      51                 6.8060e-03
      52                 6.4769e-03
      53                 6.3696e-03
      54                 6.2432e-03
      55                 5.4321e-03
      56                 4.1361e-03
      57                 3.6905e-03
      58                 3.6818e-03
      59                 2.9390e-03
      60                 2.0494e-03
      61                 1.4693e-03
      62                 1.2642e-03
      63                 1.2553e-03
      64                 1.1971e-03
      65                 9.0407e-04
      66                 6.4169e-04
      67                 5.5136e-04
      68                 5.4938e-04
      69                 4.5458e-04
      70                 3.1536e-04
      71                 2.5298e-04
      72                 2.3996e-04
      73                 2.3456e-04
      74                 1.8836e-04
      75                 1.3211e-04
      76                 8.8383e-05
      77                 5.9299e-05
      78                 4.5416e-05
      79                 4.1656e-05
      80                 4.1621e-05
      81                 3.6491e-05
      82                 2.5646e-05
      83                 1.6093e-05
      84                 1.0229e-05
      85                 5.9717e-06
      86                 3.4842e-06
      87                 2.0584e-06
      88                 1.1417e-06
      89                 7.0701e-07
      90                 5.2785e-07
      91                 5.0050e-07
      92                 4.9148e-07
      93                 4.0065e-07
      94                 2.5412e-07
      95                 1.4181e-07
      96                 8.0385e-08
      97                 4.4501e-08


***PROBLEM CONVERGES IN 97 ITERATIONS***



RELATIVE TOLERANCE = 6.0529e-08

 ITERATION NO.        RELATIVE RESIDUAL
***************      *******************
       1                 2.8919e+00
       2                 8.2920e-01
       3                 4.4362e-01
       4                 3.5419e-01
       5                 2.5530e-01
       6                 1.7835e-01
       7                 1.4220e-01
       8                 1.4220e-01
       9                 1.3130e-01
      10                 9.1430e-02
      11                 6.6137e-02
      12                 5.3058e-02
      13                 4.3889e-02
      14                 4.2983e-02
      15                 4.0116e-02
      16                 3.2317e-02
      17                 3.0541e-02
      18                 3.0441e-02
      19                 2.6568e-02
      20                 2.2441e-02
      21                 1.9119e-02
      22                 1.8904e-02
      23                 1.8507e-02
      24                 1.6483e-02
      25                 1.5908e-02
      26                 1.5543e-02
      27                 1.3566e-02
      28                 1.2903e-02
      29                 1.2895e-02
      30                 1.1412e-02
      31                 9.0758e-03
      32                 8.8917e-03
      33                 8.4577e-03
      34                 7.8789e-03
      35                 7.5919e-03
      36                 7.5643e-03
      37                 7.4916e-03
      38                 7.3427e-03
      39                 7.2658e-03
      40                 7.2636e-03
      41                 7.2054e-03
      42                 7.1768e-03
      43                 7.1767e-03
      44                 7.0887e-03
      45                 6.6604e-03
      46                 6.4821e-03
      47                 6.4789e-03
      48                 6.4139e-03
      49                 6.2461e-03
      50                 6.0415e-03
      51                 6.0414e-03
      52                 5.7492e-03
      53                 5.6540e-03
      54                 5.5418e-03
      55                 4.8218e-03
      56                 3.6714e-03
      57                 3.2759e-03
      58                 3.2682e-03
      59                 2.6089e-03
      60                 1.8192e-03
      61                 1.3043e-03
      62                 1.1222e-03
      63                 1.1143e-03
      64                 1.0626e-03
      65                 8.0250e-04
      66                 5.6959e-04
      67                 4.8941e-04
      68                 4.8765e-04
      69                 4.0351e-04
      70                 2.7993e-04
      71                 2.2456e-04
      72                 2.1300e-04
      73                 2.0821e-04
      74                 1.6720e-04
      75                 1.1727e-04
      76                 7.8453e-05
      77                 5.2637e-05
      78                 4.0314e-05
      79                 3.6976e-05
      80                 3.6945e-05
      81                 3.2391e-05
      82                 2.2765e-05
      83                 1.4285e-05
      84                 9.0800e-06
      85                 5.3008e-06
      86                 3.0928e-06
      87                 1.8272e-06
      88                 1.0135e-06
      89                 6.2758e-07
      90                 4.6855e-07
      91                 4.4427e-07
      92                 4.3627e-07
      93                 3.5564e-07
      94                 2.2557e-07
      95                 1.2588e-07
      96                 7.1354e-08
      97                 3.9502e-08


***PROBLEM CONVERGES IN 97 ITERATIONS***



RELATIVE TOLERANCE = 5.3729e-08

 ITERATION NO.        RELATIVE RESIDUAL
***************      *******************
       1                 2.5670e+00
       2                 7.3608e-01
       3                 3.9383e-01
       4                 3.1440e-01
       5                 2.2667e-01
       6                 1.5831e-01
       7                 1.2623e-01
       8                 1.2622e-01
       9                 1.1655e-01
      10                 8.1158e-02
      11                 5.8708e-02
      12                 4.7098e-02
      13                 3.8958e-02
      14                 3.8154e-02
      15                 3.5609e-02
      16                 2.8686e-02
      17                 2.7109e-02
      18                 2.7020e-02
      19                 2.3583e-02
      20                 1.9920e-02
      21                 1.6971e-02
      22                 1.6780e-02
      23                 1.6428e-02
      24                 1.4631e-02
      25                 1.4120e-02
      26                 1.3796e-02
      27                 1.2042e-02
      28                 1.1453e-02
      29                 1.1446e-02
      30                 1.0129e-02
      31                 8.0561e-03
      32                 7.8928e-03
      33                 7.5074e-03
      34                 6.9937e-03
      35                 6.7390e-03
      36                 6.7145e-03
      37                 6.6500e-03
      38                 6.5178e-03
      39                 6.4495e-03
      40                 6.4475e-03
      41                 6.3959e-03
      42                 6.3705e-03
      43                 6.3704e-03
      44                 6.2923e-03
      45                 5.9122e-03
      46                 5.7538e-03
      47                 5.7510e-03
      48                 5.6932e-03
      49                 5.5443e-03
      50                 5.3628e-03
      51                 5.3627e-03
      52                 5.1033e-03
      53                 5.0188e-03
      54                 4.9192e-03
      55                 4.2802e-03
      56                 3.2590e-03
      57                 2.9079e-03
      58                 2.9011e-03
      59                 2.3158e-03
      60                 1.6148e-03
      61                 1.1577e-03
      62                 9.9611e-04
      63                 9.8910e-04
      64                 9.4321e-04
      65                 7.1235e-04
      66                 5.0562e-04
      67                 4.3447e-04
      68                 4.3290e-04
      69                 3.5818e-04
      70                 2.4848e-04
      71                 1.9933e-04
      72                 1.8907e-04
      73                 1.8482e-04
      74                 1.4841e-04
      75                 1.0409e-04
      76                 6.9640e-05
      77                 4.6724e-05
      78                 3.5785e-05
      79                 3.2822e-05
      80                 3.2794e-05
      81                 2.8752e-05
      82                 2.0207e-05
      83                 1.2680e-05
      84                 8.0599e-06
      85                 4.7053e-06
      86                 2.7453e-06
      87                 1.6219e-06
      88                 8.9961e-07
      89                 5.5707e-07
      90                 4.1591e-07
      91                 3.9436e-07
      92                 3.8725e-07
      93                 3.1569e-07
      94                 2.0023e-07
      95                 1.1173e-07
      96                 6.3337e-08
      97                 3.5063e-08


***PROBLEM CONVERGES IN 97 ITERATIONS***



RELATIVE TOLERANCE = 4.7692e-08

 ITERATION NO.        RELATIVE RESIDUAL
***************      *******************
       1                 2.2786e+00
       2                 6.5343e-01
       3                 3.4964e-01
       4                 2.7909e-01
       5                 2.0125e-01
       6                 1.4053e-01
       7                 1.1205e-01
       8                 1.1204e-01
       9                 1.0346e-01
      10                 7.2041e-02
      11                 5.2113e-02
      12                 4.1806e-02
      13                 3.4581e-02
      14                 3.3867e-02
      15                 3.1609e-02
      16                 2.5463e-02
      17                 2.4063e-02
      18                 2.3984e-02
      19                 2.0934e-02
      20                 1.7682e-02
      21                 1.5064e-02
      22                 1.4895e-02
      23                 1.4582e-02
      24                 1.2987e-02
      25                 1.2534e-02
      26                 1.2246e-02
      27                 1.0689e-02
      28                 1.0166e-02
      29                 1.0160e-02
      30                 8.9914e-03
      31                 7.1510e-03
      32                 7.0060e-03
      33                 6.6640e-03
      34                 6.2079e-03
      35                 5.9819e-03
      36                 5.9601e-03
      37                 5.9029e-03
      38                 5.7855e-03
      39                 5.7249e-03
      40                 5.7232e-03
      41                 5.6773e-03
      42                 5.6548e-03
      43                 5.6547e-03
      44                 5.5853e-03
      45                 5.2480e-03
      46                 5.1074e-03
      47                 5.1049e-03
      48                 5.0535e-03
      49                 4.9214e-03
      50                 4.7603e-03
      51                 4.7602e-03
      52                 4.5300e-03
      53                 4.4550e-03
      54                 4.3665e-03
      55                 3.7993e-03
      56                 2.8930e-03
      57                 2.5812e-03
      58                 2.5752e-03
      59                 2.0556e-03
      60                 1.4334e-03
      61                 1.0277e-03
      62                 8.8419e-04
      63                 8.7797e-04
      64                 8.3724e-04
      65                 6.3232e-04
      66                 4.4883e-04
      67                 3.8570e-04
      68                 3.8430e-04
      69                 3.1795e-04
      70                 2.2056e-04
      71                 1.7693e-04
      72                 1.6783e-04
      73                 1.6405e-04
      74                 1.3174e-04
      75                 9.2399e-05
      76                 6.1817e-05
      77                 4.1475e-05
      78                 3.1765e-05
      79                 2.9135e-05
      80                 2.9110e-05
      81                 2.5522e-05
      82                 1.7937e-05
      83                 1.1256e-05
      84                 7.1544e-06
      85                 4.1766e-06
      86                 2.4368e-06
      87                 1.4396e-06
      88                 7.9854e-07
      89                 4.9448e-07
      90                 3.6918e-07
      91                 3.5006e-07
      92                 3.4375e-07
      93                 2.8022e-07
      94                 1.7773e-07
      95                 9.9181e-08
      96                 5.6220e-08
      97                 3.1123e-08


***PROBLEM CONVERGES IN 97 ITERATIONS***



RELATIVE TOLERANCE = 4.2334e-08

 ITERATION NO.        RELATIVE RESIDUAL
***************      *******************
       1                 2.0226e+00
       2                 5.8007e-01
       3                 3.1043e-01
       4                 2.4773e-01
       5                 1.7870e-01
       6                 1.2474e-01
       7                 9.9457e-02
       8                 9.9456e-02
       9                 9.1834e-02
      10                 6.3947e-02
      11                 4.6260e-02
      12                 3.7110e-02
      13                 3.0696e-02
      14                 3.0062e-02
      15                 2.8057e-02
      16                 2.2602e-02
      17                 2.1360e-02
      18                 2.1290e-02
      19                 1.8582e-02
      20                 1.5695e-02
      21                 1.3372e-02
      22                 1.3221e-02
      23                 1.2944e-02
      24                 1.1528e-02
      25                 1.1126e-02
      26                 1.0870e-02
      27                 9.4881e-03
      28                 9.0239e-03
      29                 9.0186e-03
      30                 7.9812e-03
      31                 6.3476e-03
      32                 6.2189e-03
      33                 5.9152e-03
      34                 5.5104e-03
      35                 5.3099e-03
      36                 5.2905e-03
      37                 5.2397e-03
      38                 5.1356e-03
      39                 5.0818e-03
      40                 5.0802e-03
      41                 5.0395e-03
      42                 5.0195e-03
      43                 5.0194e-03
      44                 4.9578e-03
      45                 4.6584e-03
      46                 4.5335e-03
      47                 4.5314e-03
      48                 4.4855e-03
      49                 4.3684e-03
      50                 4.2255e-03
      51                 4.2254e-03
      52                 4.0211e-03
      53                 3.9545e-03
      54                 3.8760e-03
      55                 3.3726e-03
      56                 2.5681e-03
      57                 2.2913e-03
      58                 2.2859e-03
      59                 1.8247e-03
      60                 1.2724e-03
      61                 9.1219e-04
      62                 7.8484e-04
      63                 7.7932e-04
      64                 7.4317e-04
      65                 5.6128e-04
      66                 3.9843e-04
      67                 3.4243e-04
      68                 3.4118e-04
      69                 2.8224e-04
      70                 1.9579e-04
      71                 1.5706e-04
      72                 1.4897e-04
      73                 1.4562e-04
      74                 1.1694e-04
      75                 8.2019e-05
      76                 5.4873e-05
      77                 3.6816e-05
      78                 2.8197e-05
      79                 2.5862e-05
      80                 2.5840e-05
      81                 2.2655e-05
      82                 1.5922e-05
      83                 9.9911e-06
      84                 6.3507e-06
      85                 3.7074e-06
      86                 2.1630e-06
      87                 1.2779e-06
      88                 7.0882e-07
      89                 4.3892e-07
      90                 3.2770e-07
      91                 3.1073e-07
      92                 3.0512e-07
      93                 2.4873e-07
      94                 1.5776e-07
      95                 8.8038e-08
      96                 4.9903e-08
      97                 2.7626e-08


***PROBLEM CONVERGES IN 97 ITERATIONS***



RELATIVE TOLERANCE = 3.7578e-08

 ITERATION NO.        RELATIVE RESIDUAL
***************      *******************
       1                 1.7954e+00
       2                 5.1497e-01
       3                 2.7564e-01
       4                 2.1991e-01
       5                 1.5870e-01
       6                 1.1073e-01
       7                 8.8283e-02
       8                 8.8282e-02
       9                 8.1516e-02
      10                 5.6763e-02
      11                 4.1064e-02
      12                 3.2941e-02
      13                 2.7247e-02
      14                 2.6684e-02
      15                 2.4905e-02
      16                 2.0063e-02
      17                 1.8960e-02
      18                 1.8897e-02
      19                 1.6494e-02
      20                 1.3932e-02
      21                 1.1869e-02
      22                 1.1736e-02
      23                 1.1489e-02
      24                 1.0233e-02
      25                 9.8755e-03
      26                 9.6490e-03
      27                 8.4220e-03
      28                 8.0100e-03
      29                 8.0052e-03
      30                 7.0845e-03
      31                 5.6344e-03
      32                 5.5202e-03
      33                 5.2506e-03
      34                 4.8912e-03
      35                 4.7133e-03
      36                 4.6961e-03
      37                 4.6511e-03
      38                 4.5586e-03
      39                 4.5108e-03
      40                 4.5094e-03
      41                 4.4733e-03
      42                 4.4555e-03
      43                 4.4555e-03
      44                 4.4007e-03
      45                 4.1350e-03
      46                 4.0242e-03
      47                 4.0223e-03
      48                 3.9813e-03
      49                 3.8776e-03
      50                 3.7507e-03
      51                 3.7507e-03
      52                 3.5693e-03
      53                 3.5102e-03
      54                 3.4405e-03
      55                 2.9937e-03
      56                 2.2797e-03
      57                 2.0339e-03
      58                 2.0292e-03
      59                 1.6198e-03
      60                 1.1295e-03
      61                 8.0971e-04
      62                 6.9665e-04
      63                 6.9175e-04
      64                 6.5966e-04
      65                 4.9822e-04
      66                 3.5370e-04
      67                 3.0404e-04
      68                 3.0292e-04
      69                 2.5055e-04
      70                 1.7379e-04
      71                 1.3941e-04
      72                 1.3224e-04
      73                 1.2926e-04
      74                 1.0381e-04
      75                 7.2806e-05
      76                 4.8709e-05
      77                 3.2681e-05
      78                 2.5030e-05
      79                 2.2958e-05
      80                 2.2938e-05
      81                 2.0111e-05
      82                 1.4133e-05
      83                 8.8686e-06
      84                 5.6372e-06
      85                 3.2908e-06
      86                 1.9200e-06
      87                 1.1343e-06
      88                 6.2918e-07
      89                 3.8960e-07
      90                 2.9088e-07
      91                 2.7581e-07
      92                 2.7084e-07
      93                 2.2078e-07
      94                 1.4004e-07
      95                 7.8146e-08
      96                 4.4295e-08
      97                 2.4521e-08


***PROBLEM CONVERGES IN 97 ITERATIONS***



RELATIVE TOLERANCE = 3.3356e-08

 ITERATION NO.        RELATIVE RESIDUAL
***************      *******************
       1                 1.5937e+00
       2                 4.5720e-01
       3                 2.4479e-01
       4                 1.9521e-01
       5                 1.4098e-01
       6                 9.8295e-02
       7                 7.8364e-02
       8                 7.8363e-02
       9                 7.2357e-02
      10                 5.0387e-02
      11                 3.6452e-02
      12                 2.9241e-02
      13                 2.4185e-02
      14                 2.3686e-02
      15                 2.2106e-02
      16                 1.7808e-02
      17                 1.6829e-02
      18                 1.6774e-02
      19                 1.4641e-02
      20                 1.2366e-02
      21                 1.0535e-02
      22                 1.0417e-02
      23                 1.0198e-02
      24                 9.0827e-03
      25                 8.7657e-03
      26                 8.5648e-03
      27                 7.4756e-03
      28                 7.1099e-03
      29                 7.1057e-03
      30                 6.2885e-03
      31                 5.0014e-03
      32                 4.9000e-03
      33                 4.6606e-03
      34                 4.3416e-03
      35                 4.1838e-03
      36                 4.1685e-03
      37                 4.1285e-03
      38                 4.0465e-03
      39                 4.0040e-03
      40                 4.0028e-03
      41                 3.9707e-03
      42                 3.9549e-03
      43                 3.9549e-03
      44                 3.9062e-03
      45                 3.6705e-03
      46                 3.5720e-03
      47                 3.5704e-03
      48                 3.5337e-03
      49                 3.4418e-03
      50                 3.3293e-03
      51                 3.3293e-03
      52                 3.1683e-03
      53                 3.1158e-03
      54                 3.0540e-03
      55                 2.6575e-03
      56                 2.0237e-03
      57                 1.8055e-03
      58                 1.8013e-03
      59                 1.4378e-03
      60                 1.0026e-03
      61                 7.1873e-04
      62                 6.1837e-04
      63                 6.1402e-04
      64                 5.8554e-04
      65                 4.4225e-04
      66                 3.1400e-04
      67                 2.6999e-04
      68                 2.6897e-04
      69                 2.2243e-04
      70                 1.5427e-04
      71                 1.2375e-04
      72                 1.1738e-04
      73                 1.1474e-04
      74                 9.2145e-05
      75                 6.4628e-05
      76                 4.3238e-05
      77                 2.9010e-05
      78                 2.2219e-05
      79                 2.0379e-05
      80                 2.0362e-05
      81                 1.7852e-05
      82                 1.2546e-05
      83                 7.8722e-06
      84                 5.0039e-06
      85                 2.9211e-06
      86                 1.7042e-06
      87                 1.0068e-06
      88                 5.5848e-07
      89                 3.4582e-07
      90                 2.5819e-07
      91                 2.4482e-07
      92                 2.4040e-07
      93                 1.9597e-07
      94                 1.2430e-07
      95                 6.9365e-08
      96                 3.9317e-08
      97                 2.1765e-08


***PROBLEM CONVERGES IN 97 ITERATIONS***



RELATIVE TOLERANCE = 2.9609e-08

 ITERATION NO.        RELATIVE RESIDUAL
***************      *******************
       1                 1.4147e+00
       2                 4.0595e-01
       3                 2.1744e-01
       4                 1.7328e-01
       5                 1.2527e-01
       6                 8.7256e-02
       7                 6.9560e-02
       8                 6.9559e-02
       9                 6.4227e-02
      10                 4.4726e-02
      11                 3.2359e-02
      12                 2.5956e-02
      13                 2.1467e-02
      14                 2.1024e-02
      15                 1.9622e-02
      16                 1.5807e-02
      17                 1.4938e-02
      18                 1.4888e-02
      19                 1.2995e-02
      20                 1.0977e-02
      21                 9.3514e-03
      22                 9.2463e-03
      23                 9.0522e-03
      24                 8.0620e-03
      25                 7.7805e-03
      26                 7.6023e-03
      27                 6.6355e-03
      28                 6.3109e-03
      29                 6.3072e-03
      30                 5.5820e-03
      31                 4.4394e-03
      32                 4.3494e-03
      33                 4.1369e-03
      34                 3.8537e-03
      35                 3.7137e-03
      36                 3.7002e-03
      37                 3.6647e-03
      38                 3.5919e-03
      39                 3.5542e-03
      40                 3.5531e-03
      41                 3.5245e-03
      42                 3.5106e-03
      43                 3.5105e-03
      44                 3.4671e-03
      45                 3.2581e-03
      46                 3.1706e-03
      47                 3.1692e-03
      48                 3.1362e-03
      49                 3.0549e-03
      50                 2.9553e-03
      51                 2.9552e-03
      52                 2.8124e-03
      53                 2.7658e-03
      54                 2.7109e-03
      55                 2.3590e-03
      56                 1.7966e-03
      57                 1.6028e-03
      58                 1.5990e-03
      59                 1.2764e-03
      60                 8.8999e-04
      61                 6.3798e-04
      62                 5.4888e-04
      63                 5.4501e-04
      64                 5.1974e-04
      65                 3.9257e-04
      66                 2.7878e-04
      67                 2.3979e-04
      68                 2.3887e-04
      69                 1.9747e-04
      70                 1.3694e-04
      71                 1.0985e-04
      72                 1.0419e-04
      73                 1.0185e-04
      74                 8.1795e-05
      75                 5.7370e-05
      76                 3.8382e-05
      77                 2.5753e-05
      78                 1.9724e-05
      79                 1.8091e-05
      80                 1.8076e-05
      81                 1.5847e-05
      82                 1.1136e-05
      83                 6.9877e-06
      84                 4.4418e-06
      85                 2.5929e-06
      86                 1.5127e-06
      87                 8.9362e-07
      88                 4.9572e-07
      89                 3.0696e-07
      90                 2.2918e-07
      91                 2.1731e-07
      92                 2.1338e-07
      93                 1.7395e-07
      94                 1.1033e-07
      95                 6.1570e-08
      96                 3.4898e-08
      97                 1.9318e-08


***PROBLEM CONVERGES IN 97 ITERATIONS***



RELATIVE TOLERANCE = 2.6282e-08

 ITERATION NO.        RELATIVE RESIDUAL
***************      *******************
       1                 1.2558e+00
       2                 3.6049e-01
       3                 1.9320e-01
       4                 1.5382e-01
       5                 1.1136e-01
       6                 7.7458e-02
       7                 6.1744e-02
       8                 6.1743e-02
       9                 5.7009e-02
      10                 3.9702e-02
      11                 2.8726e-02
      12                 2.3041e-02
      13                 1.9055e-02
      14                 1.8661e-02
      15                 1.7417e-02
      16                 1.4031e-02
      17                 1.3259e-02
      18                 1.3215e-02
      19                 1.1535e-02
      20                 9.7428e-03
      21                 8.3004e-03
      22                 8.2070e-03
      23                 8.0347e-03
      24                 7.1559e-03
      25                 6.9059e-03
      26                 6.7478e-03
      27                 5.8898e-03
      28                 5.6016e-03
      29                 5.5983e-03
      30                 4.9548e-03
      31                 3.9406e-03
      32                 3.8607e-03
      33                 3.6720e-03
      34                 3.4206e-03
      35                 3.2965e-03
      36                 3.2845e-03
      37                 3.2530e-03
      38                 3.1885e-03
      39                 3.1549e-03
      40                 3.1539e-03
      41                 3.1285e-03
      42                 3.1161e-03
      43                 3.1161e-03
      44                 3.0774e-03
      45                 2.8921e-03
      46                 2.8143e-03
      47                 2.8131e-03
      48                 2.7832e-03
      49                 2.7114e-03
      50                 2.6233e-03
      51                 2.6232e-03
      52                 2.4964e-03
      53                 2.4550e-03
      54                 2.4063e-03
      55                 2.0942e-03
      56                 1.5950e-03
      57                 1.4228e-03
      58                 1.4195e-03
      59                 1.1330e-03
      60                 7.9004e-04
      61                 5.6629e-04
      62                 4.8719e-04
      63                 4.8375e-04
      64                 4.6132e-04
      65                 3.4847e-04
      66                 2.4753e-04
      67                 2.1303e-04
      68                 2.1218e-04
      69                 1.7532e-04
      70                 1.2157e-04
      71                 9.7510e-05
      72                 9.2489e-05
      73                 9.0411e-05
      74                 7.2608e-05
      75                 5.0928e-05
      76                 3.4073e-05
      77                 2.2861e-05
      78                 1.7509e-05
      79                 1.6061e-05
      80                 1.6047e-05
      81                 1.4068e-05
      82                 9.8855e-06
      83                 6.2025e-06
      84                 3.9428e-06
      85                 2.3015e-06
      86                 1.3426e-06
      87                 7.9314e-07
      88                 4.4001e-07
      89                 2.7245e-07
      90                 2.0342e-07
      91                 1.9288e-07
      92                 1.8940e-07
      93                 1.5440e-07
      94                 9.7933e-08
      95                 5.4650e-08
      96                 3.0974e-08
      97                 1.7145e-08


***PROBLEM CONVERGES IN 97 ITERATIONS***



RELATIVE TOLERANCE = 2.3330e-08

 ITERATION NO.        RELATIVE RESIDUAL
***************      *******************
       1                 1.1147e+00
       2                 3.2018e-01
       3                 1.7175e-01
       4                 1.3655e-01
       5                 9.9065e-02
       6                 6.8762e-02
       7                 5.4806e-02
       8                 5.4806e-02
       9                 5.0602e-02
      10                 3.5242e-02
      11                 2.5502e-02
      12                 2.0453e-02
      13                 1.6913e-02
      14                 1.6564e-02
      15                 1.5460e-02
      16                 1.2454e-02
      17                 1.1768e-02
      18                 1.1729e-02
      19                 1.0238e-02
      20                 8.6476e-03
      21                 7.3672e-03
      22                 7.2843e-03
      23                 7.1315e-03
      24                 6.3515e-03
      25                 6.1295e-03
      26                 5.9893e-03
      27                 5.2277e-03
      28                 4.9719e-03
      29                 4.9690e-03
      30                 4.3980e-03
      31                 3.4978e-03
      32                 3.4268e-03
      33                 3.2593e-03
      34                 3.0361e-03
      35                 2.9261e-03
      36                 2.9154e-03
      37                 2.8876e-03
      38                 2.8303e-03
      39                 2.8004e-03
      40                 2.7995e-03
      41                 2.7770e-03
      42                 2.7660e-03
      43                 2.7659e-03
      44                 2.7313e-03
      45                 2.5672e-03
      46                 2.4980e-03
      47                 2.4970e-03
      48                 2.4696e-03
      49                 2.4062e-03
      50                 2.3285e-03
      51                 2.3285e-03
      52                 2.2160e-03
      53                 2.1792e-03
      54                 2.1360e-03
      55                 1.8591e-03
      56                 1.4162e-03
      57                 1.2632e-03
      58                 1.2603e-03
      59                 1.0058e-03
      60                 7.0133e-04
      61                 5.0265e-04
      62                 4.3242e-04
      63                 4.2936e-04
      64                 4.0947e-04
      65                 3.0932e-04
      66                 2.1981e-04
      67                 1.8933e-04
      68                 1.8854e-04
      69                 1.5568e-04
      70                 1.0792e-04
      71                 8.6557e-05
      72                 8.2099e-05
      73                 8.0256e-05
      74                 6.4455e-05
      75                 4.5210e-05
      76                 3.0248e-05
      77                 2.0296e-05
      78                 1.5545e-05
      79                 1.4259e-05
      80                 1.4247e-05
      81                 1.2489e-05
      82                 8.7753e-06
      83                 5.5055e-06
      84                 3.5000e-06
      85                 2.0429e-06
      86                 1.1917e-06
      87                 7.0393e-07
      88                 3.9055e-07
      89                 2.4182e-07
      90                 1.8055e-07
      91                 1.7119e-07
      92                 1.6810e-07
      93                 1.3704e-07
      94                 8.6925e-08
      95                 4.8507e-08
      96                 2.7491e-08
      97                 1.5216e-08


***PROBLEM CONVERGES IN 97 ITERATIONS***

